# JRE version: OpenJDK Runtime Environment (11.0.13) (build 11.0.13+0-b1751.21-8125866)
# Java VM: OpenJDK 64-Bit Server VM (11.0.13+0-b1751.21-8125866, mixed mode, tiered, compressed oops, g1 gc, windows-amd64)
Heap:
 garbage-first heap   total 187392K, used 112583K [0x0000000080000000, 0x0000000100000000)
  region size 1024K, 49 young (50176K), 10 survivors (10240K)
 Metaspace       used 85703K, capacity 87809K, committed 88144K, reserved 1126400K
  class space    used 11078K, capacity 11916K, committed 12032K, reserved 1048576K
GC Heap History (20 events):
Event: 10.797 GC heap before
{Heap before GC invocations=10 (full 0):
 garbage-first heap   total 155648K, used 103023K [0x0000000080000000, 0x0000000100000000)
  region size 1024K, 82 young (83968K), 9 survivors (9216K)
 Metaspace       used 47036K, capacity 48082K, committed 48208K, reserved 1091584K
  class space    used 5972K, capacity 6386K, committed 6400K, reserved 1048576K
}
Event: 10.817 GC heap after
{Heap after GC invocations=11 (full 0):
 garbage-first heap   total 155648K, used 30657K [0x0000000080000000, 0x0000000100000000)
  region size 1024K, 8 young (8192K), 8 survivors (8192K)
 Metaspace       used 47036K, capacity 48082K, committed 48208K, reserved 1091584K
  class space    used 5972K, capacity 6386K, committed 6400K, reserved 1048576K
}
Event: 15.910 GC heap before
{Heap before GC invocations=11 (full 0):
 garbage-first heap   total 155648K, used 114625K [0x0000000080000000, 0x0000000100000000)
  region size 1024K, 86 young (88064K), 8 survivors (8192K)
 Metaspace       used 52604K, capacity 53970K, committed 54096K, reserved 1095680K
  class space    used 6631K, capacity 7120K, committed 7168K, reserved 1048576K
}
Event: 15.931 GC heap after
{Heap after GC invocations=12 (full 0):
 garbage-first heap   total 155648K, used 43738K [0x0000000080000000, 0x0000000100000000)
  region size 1024K, 11 young (11264K), 11 survivors (11264K)
 Metaspace       used 52604K, capacity 53970K, committed 54096K, reserved 1095680K
  class space    used 6631K, capacity 7120K, committed 7168K, reserved 1048576K
}
Event: 17.060 GC heap before
{Heap before GC invocations=12 (full 0):
 garbage-first heap   total 155648K, used 84698K [0x0000000080000000, 0x0000000100000000)
  region size 1024K, 52 young (53248K), 11 survivors (11264K)
 Metaspace       used 58723K, capacity 60138K, committed 60240K, reserved 1101824K
  class space    used 7399K, capacity 7914K, committed 7936K, reserved 1048576K
}
Event: 17.082 GC heap after
{Heap after GC invocations=13 (full 0):
 garbage-first heap   total 155648K, used 46030K [0x0000000080000000, 0x0000000100000000)
  region size 1024K, 2 young (2048K), 2 survivors (2048K)
 Metaspace       used 58723K, capacity 60138K, committed 60240K, reserved 1101824K
  class space    used 7399K, capacity 7914K, committed 7936K, reserved 1048576K
}
Event: 18.197 GC heap before
{Heap before GC invocations=14 (full 0):
 garbage-first heap   total 155648K, used 111566K [0x0000000080000000, 0x0000000100000000)
  region size 1024K, 60 young (61440K), 2 survivors (2048K)
 Metaspace       used 63192K, capacity 64647K, committed 64720K, reserved 1105920K
  class space    used 7935K, capacity 8511K, committed 8576K, reserved 1048576K
}
Event: 18.211 GC heap after
{Heap after GC invocations=15 (full 0):
 garbage-first heap   total 187392K, used 51310K [0x0000000080000000, 0x0000000100000000)
  region size 1024K, 8 young (8192K), 8 survivors (8192K)
 Metaspace       used 63192K, capacity 64647K, committed 64720K, reserved 1105920K
  class space    used 7935K, capacity 8511K, committed 8576K, reserved 1048576K
}
Event: 18.979 GC heap before
{Heap before GC invocations=15 (full 0):
 garbage-first heap   total 187392K, used 81006K [0x0000000080000000, 0x0000000100000000)
  region size 1024K, 36 young (36864K), 8 survivors (8192K)
 Metaspace       used 65217K, capacity 66638K, committed 66768K, reserved 1107968K
  class space    used 8230K, capacity 8782K, committed 8832K, reserved 1048576K
}
Event: 18.992 GC heap after
{Heap after GC invocations=16 (full 0):
 garbage-first heap   total 187392K, used 53042K [0x0000000080000000, 0x0000000100000000)
  region size 1024K, 2 young (2048K), 2 survivors (2048K)
 Metaspace       used 65217K, capacity 66638K, committed 66768K, reserved 1107968K
  class space    used 8230K, capacity 8782K, committed 8832K, reserved 1048576K
}
Event: 19.552 GC heap before
{Heap before GC invocations=16 (full 0):
 garbage-first heap   total 187392K, used 106290K [0x0000000080000000, 0x0000000100000000)
  region size 1024K, 54 young (55296K), 2 survivors (2048K)
 Metaspace       used 67156K, capacity 68735K, committed 68816K, reserved 1110016K
  class space    used 8479K, capacity 9075K, committed 9088K, reserved 1048576K
}
Event: 19.561 GC heap after
{Heap after GC invocations=17 (full 0):
 garbage-first heap   total 187392K, used 56250K [0x0000000080000000, 0x0000000100000000)
  region size 1024K, 6 young (6144K), 6 survivors (6144K)
 Metaspace       used 67156K, capacity 68735K, committed 68816K, reserved 1110016K
  class space    used 8479K, capacity 9075K, committed 9088K, reserved 1048576K
}
Event: 21.216 GC heap before
{Heap before GC invocations=17 (full 0):
 garbage-first heap   total 187392K, used 113594K [0x0000000080000000, 0x0000000100000000)
  region size 1024K, 62 young (63488K), 6 survivors (6144K)
 Metaspace       used 73156K, capacity 74829K, committed 74960K, reserved 1114112K
  class space    used 9465K, capacity 10106K, committed 10112K, reserved 1048576K
}
Event: 21.232 GC heap after
{Heap after GC invocations=18 (full 0):
 garbage-first heap   total 187392K, used 59947K [0x0000000080000000, 0x0000000100000000)
  region size 1024K, 7 young (7168K), 7 survivors (7168K)
 Metaspace       used 73156K, capacity 74829K, committed 74960K, reserved 1114112K
  class space    used 9465K, capacity 10106K, committed 10112K, reserved 1048576K
}
Event: 22.789 GC heap before
{Heap before GC invocations=18 (full 0):
 garbage-first heap   total 187392K, used 125483K [0x0000000080000000, 0x0000000100000000)
  region size 1024K, 71 young (72704K), 7 survivors (7168K)
 Metaspace       used 79702K, capacity 81481K, committed 81616K, reserved 1120256K
  class space    used 10371K, capacity 11026K, committed 11136K, reserved 1048576K
}
Event: 22.807 GC heap after
{Heap after GC invocations=19 (full 0):
 garbage-first heap   total 187392K, used 64416K [0x0000000080000000, 0x0000000100000000)
  region size 1024K, 8 young (8192K), 8 survivors (8192K)
 Metaspace       used 79702K, capacity 81481K, committed 81616K, reserved 1120256K
  class space    used 10371K, capacity 11026K, committed 11136K, reserved 1048576K
}
Event: 25.260 GC heap before
{Heap before GC invocations=19 (full 0):
 garbage-first heap   total 187392K, used 136096K [0x0000000080000000, 0x0000000100000000)
  region size 1024K, 79 young (80896K), 8 survivors (8192K)
 Metaspace       used 82112K, capacity 84161K, committed 84304K, reserved 1122304K
  class space    used 10714K, capacity 11507K, committed 11520K, reserved 1048576K
}
Event: 25.282 GC heap after
{Heap after GC invocations=20 (full 0):
 garbage-first heap   total 187392K, used 69904K [0x0000000080000000, 0x0000000100000000)
  region size 1024K, 10 young (10240K), 10 survivors (10240K)
 Metaspace       used 82112K, capacity 84161K, committed 84304K, reserved 1122304K
  class space    used 10714K, capacity 11507K, committed 11520K, reserved 1048576K
}
Event: 27.804 GC heap before
{Heap before GC invocations=20 (full 0):
 garbage-first heap   total 187392K, used 139536K [0x0000000080000000, 0x0000000100000000)
  region size 1024K, 79 young (80896K), 10 survivors (10240K)
 Metaspace       used 83101K, capacity 85234K, committed 85456K, reserved 1124352K
  class space    used 10786K, capacity 11611K, committed 11648K, reserved 1048576K
}
Event: 27.827 GC heap after
{Heap after GC invocations=21 (full 0):
 garbage-first heap   total 187392K, used 74695K [0x0000000080000000, 0x0000000100000000)
  region size 1024K, 10 young (10240K), 10 survivors (10240K)
 Metaspace       used 83101K, capacity 85234K, committed 85456K, reserved 1124352K
  class space    used 10786K, capacity 11611K, committed 11648K, reserved 1048576K
}

