# JRE version: OpenJDK Runtime Environment (11.0.13) (build 11.0.13+0-b1751.21-8125866)
# Java VM: OpenJDK 64-Bit Server VM (11.0.13+0-b1751.21-8125866, mixed mode, tiered, compressed oops, g1 gc, windows-amd64)
Heap:
 garbage-first heap   total 220160K, used 101118K [0x0000000080000000, 0x0000000100000000)
  region size 1024K, 11 young (11264K), 8 survivors (8192K)
 Metaspace       used 118149K, capacity 121946K, committed 122372K, reserved 1155072K
  class space    used 14980K, capacity 16424K, committed 16620K, reserved 1048576K
GC Heap History (20 events):
Event: 1208.824 GC heap before
{Heap before GC invocations=34 (full 0):
 garbage-first heap   total 220160K, used 145712K [0x0000000080000000, 0x0000000100000000)
  region size 1024K, 42 young (43008K), 11 survivors (11264K)
 Metaspace       used 116545K, capacity 120004K, committed 120964K, reserved 1155072K
  class space    used 14842K, capacity 16150K, committed 16492K, reserved 1048576K
}
Event: 1208.852 GC heap after
{Heap after GC invocations=35 (full 0):
 garbage-first heap   total 220160K, used 115744K [0x0000000080000000, 0x0000000100000000)
  region size 1024K, 2 young (2048K), 2 survivors (2048K)
 Metaspace       used 116545K, capacity 120004K, committed 120964K, reserved 1155072K
  class space    used 14842K, capacity 16150K, committed 16492K, reserved 1048576K
}
Event: 1226.855 GC heap before
{Heap before GC invocations=36 (full 0):
 garbage-first heap   total 220160K, used 196640K [0x0000000080000000, 0x0000000100000000)
  region size 1024K, 50 young (51200K), 2 survivors (2048K)
 Metaspace       used 117221K, capacity 120871K, committed 121220K, reserved 1155072K
  class space    used 14961K, capacity 16370K, committed 16492K, reserved 1048576K
}
Event: 1226.878 GC heap after
{Heap after GC invocations=37 (full 0):
 garbage-first heap   total 220160K, used 118816K [0x0000000080000000, 0x0000000100000000)
  region size 1024K, 7 young (7168K), 7 survivors (7168K)
 Metaspace       used 117221K, capacity 120871K, committed 121220K, reserved 1155072K
  class space    used 14961K, capacity 16370K, committed 16492K, reserved 1048576K
}
Event: 1226.900 GC heap before
{Heap before GC invocations=37 (full 0):
 garbage-first heap   total 220160K, used 121888K [0x0000000080000000, 0x0000000100000000)
  region size 1024K, 10 young (10240K), 7 survivors (7168K)
 Metaspace       used 117251K, capacity 120919K, committed 121220K, reserved 1155072K
  class space    used 14970K, capacity 16386K, committed 16492K, reserved 1048576K
}
Event: 1226.919 GC heap after
{Heap after GC invocations=38 (full 0):
 garbage-first heap   total 220160K, used 112207K [0x0000000080000000, 0x0000000100000000)
  region size 1024K, 1 young (1024K), 1 survivors (1024K)
 Metaspace       used 117251K, capacity 120919K, committed 121220K, reserved 1155072K
  class space    used 14970K, capacity 16386K, committed 16492K, reserved 1048576K
}
Event: 1556.739 GC heap before
{Heap before GC invocations=38 (full 0):
 garbage-first heap   total 220160K, used 163407K [0x0000000080000000, 0x0000000100000000)
  region size 1024K, 52 young (53248K), 1 survivors (1024K)
 Metaspace       used 117651K, capacity 121458K, committed 121604K, reserved 1155072K
  class space    used 15031K, capacity 16499K, committed 16620K, reserved 1048576K
}
Event: 1556.753 GC heap after
{Heap after GC invocations=39 (full 0):
 garbage-first heap   total 220160K, used 117078K [0x0000000080000000, 0x0000000100000000)
  region size 1024K, 6 young (6144K), 6 survivors (6144K)
 Metaspace       used 117651K, capacity 121458K, committed 121604K, reserved 1155072K
  class space    used 15031K, capacity 16499K, committed 16620K, reserved 1048576K
}
Event: 2145.735 GC heap before
{Heap before GC invocations=40 (full 0):
 garbage-first heap   total 220160K, used 163158K [0x0000000080000000, 0x0000000100000000)
  region size 1024K, 56 young (57344K), 6 survivors (6144K)
 Metaspace       used 117754K, capacity 121590K, committed 121860K, reserved 1155072K
  class space    used 15031K, capacity 16499K, committed 16620K, reserved 1048576K
}
Event: 2145.747 GC heap after
{Heap after GC invocations=41 (full 0):
 garbage-first heap   total 220160K, used 111219K [0x0000000080000000, 0x0000000100000000)
  region size 1024K, 3 young (3072K), 3 survivors (3072K)
 Metaspace       used 117754K, capacity 121590K, committed 121860K, reserved 1155072K
  class space    used 15031K, capacity 16499K, committed 16620K, reserved 1048576K
}
Event: 2145.913 GC heap before
{Heap before GC invocations=41 (full 0):
 garbage-first heap   total 220160K, used 118387K [0x0000000080000000, 0x0000000100000000)
  region size 1024K, 10 young (10240K), 3 survivors (3072K)
 Metaspace       used 117780K, capacity 121590K, committed 121860K, reserved 1155072K
  class space    used 15031K, capacity 16499K, committed 16620K, reserved 1048576K
}
Event: 2145.927 GC heap after
{Heap after GC invocations=42 (full 0):
 garbage-first heap   total 220160K, used 100149K [0x0000000080000000, 0x0000000100000000)
  region size 1024K, 2 young (2048K), 2 survivors (2048K)
 Metaspace       used 117780K, capacity 121590K, committed 121860K, reserved 1155072K
  class space    used 15031K, capacity 16499K, committed 16620K, reserved 1048576K
}
Event: 2146.789 GC heap before
{Heap before GC invocations=42 (full 0):
 garbage-first heap   total 220160K, used 129845K [0x0000000080000000, 0x0000000100000000)
  region size 1024K, 33 young (33792K), 2 survivors (2048K)
 Metaspace       used 117852K, capacity 121719K, committed 121860K, reserved 1155072K
  class space    used 15031K, capacity 16499K, committed 16620K, reserved 1048576K
}
Event: 2146.811 GC heap after
{Heap after GC invocations=43 (full 0):
 garbage-first heap   total 220160K, used 104738K [0x0000000080000000, 0x0000000100000000)
  region size 1024K, 6 young (6144K), 6 survivors (6144K)
 Metaspace       used 117852K, capacity 121719K, committed 121860K, reserved 1155072K
  class space    used 15031K, capacity 16499K, committed 16620K, reserved 1048576K
}
Event: 2148.372 GC heap before
{Heap before GC invocations=44 (full 0):
 garbage-first heap   total 220160K, used 165154K [0x0000000080000000, 0x0000000100000000)
  region size 1024K, 65 young (66560K), 6 survivors (6144K)
 Metaspace       used 117802K, capacity 121483K, committed 122116K, reserved 1155072K
  class space    used 14974K, capacity 16387K, committed 16620K, reserved 1048576K
}
Event: 2148.389 GC heap after
{Heap after GC invocations=45 (full 0):
 garbage-first heap   total 220160K, used 105836K [0x0000000080000000, 0x0000000100000000)
  region size 1024K, 2 young (2048K), 2 survivors (2048K)
 Metaspace       used 117802K, capacity 121483K, committed 122116K, reserved 1155072K
  class space    used 14974K, capacity 16387K, committed 16620K, reserved 1048576K
}
Event: 2148.575 GC heap before
{Heap before GC invocations=45 (full 0):
 garbage-first heap   total 220160K, used 113004K [0x0000000080000000, 0x0000000100000000)
  region size 1024K, 10 young (10240K), 2 survivors (2048K)
 Metaspace       used 117985K, capacity 121645K, committed 122116K, reserved 1155072K
  class space    used 14976K, capacity 16391K, committed 16620K, reserved 1048576K
}
Event: 2148.600 GC heap after
{Heap after GC invocations=46 (full 0):
 garbage-first heap   total 220160K, used 90715K [0x0000000080000000, 0x0000000100000000)
  region size 1024K, 1 young (1024K), 1 survivors (1024K)
 Metaspace       used 117985K, capacity 121645K, committed 122116K, reserved 1155072K
  class space    used 14976K, capacity 16391K, committed 16620K, reserved 1048576K
}
Event: 2149.282 GC heap before
{Heap before GC invocations=46 (full 0):
 garbage-first heap   total 220160K, used 133723K [0x0000000080000000, 0x0000000100000000)
  region size 1024K, 10 young (10240K), 1 survivors (1024K)
 Metaspace       used 117999K, capacity 121645K, committed 122116K, reserved 1155072K
  class space    used 14976K, capacity 16391K, committed 16620K, reserved 1048576K
}
Event: 2149.297 GC heap after
{Heap after GC invocations=47 (full 0):
 garbage-first heap   total 220160K, used 89919K [0x0000000080000000, 0x0000000100000000)
  region size 1024K, 1 young (1024K), 1 survivors (1024K)
 Metaspace       used 117999K, capacity 121645K, committed 122116K, reserved 1155072K
  class space    used 14976K, capacity 16391K, committed 16620K, reserved 1048576K
}

