# JRE version: OpenJDK Runtime Environment (11.0.13) (build 11.0.13+0-b1751.21-8125866)
# Java VM: OpenJDK 64-Bit Server VM (11.0.13+0-b1751.21-8125866, mixed mode, tiered, compressed oops, g1 gc, windows-amd64)
Heap:
 garbage-first heap   total 220160K, used 62370K [0x0000000080000000, 0x0000000100000000)
  region size 1024K, 10 young (10240K), 10 survivors (10240K)
 Metaspace       used 77847K, capacity 79644K, committed 80028K, reserved 1118208K
  class space    used 10129K, capacity 10821K, committed 10956K, reserved 1048576K
GC Heap History (20 events):
Event: 3.008 GC heap after
{Heap after GC invocations=4 (full 0):
 garbage-first heap   total 126976K, used 16804K [0x0000000080000000, 0x0000000100000000)
  region size 1024K, 6 young (6144K), 6 survivors (6144K)
 Metaspace       used 17555K, capacity 17907K, committed 18048K, reserved 1064960K
  class space    used 2044K, capacity 2145K, committed 2176K, reserved 1048576K
}
Event: 3.348 GC heap before
{Heap before GC invocations=4 (full 0):
 garbage-first heap   total 126976K, used 44452K [0x0000000080000000, 0x0000000100000000)
  region size 1024K, 35 young (35840K), 6 survivors (6144K)
 Metaspace       used 20813K, capacity 21189K, committed 21296K, reserved 1069056K
  class space    used 2530K, capacity 2688K, committed 2688K, reserved 1048576K
}
Event: 3.356 GC heap after
{Heap after GC invocations=5 (full 0):
 garbage-first heap   total 152576K, used 18102K [0x0000000080000000, 0x0000000100000000)
  region size 1024K, 5 young (5120K), 5 survivors (5120K)
 Metaspace       used 20813K, capacity 21189K, committed 21296K, reserved 1069056K
  class space    used 2530K, capacity 2688K, committed 2688K, reserved 1048576K
}
Event: 4.146 GC heap before
{Heap before GC invocations=6 (full 0):
 garbage-first heap   total 152576K, used 71350K [0x0000000080000000, 0x0000000100000000)
  region size 1024K, 57 young (58368K), 5 survivors (5120K)
 Metaspace       used 26605K, capacity 27247K, committed 27520K, reserved 1073152K
  class space    used 3438K, capacity 3672K, committed 3712K, reserved 1048576K
}
Event: 4.157 GC heap after
{Heap after GC invocations=7 (full 0):
 garbage-first heap   total 152576K, used 20253K [0x0000000080000000, 0x0000000100000000)
  region size 1024K, 4 young (4096K), 4 survivors (4096K)
 Metaspace       used 26605K, capacity 27247K, committed 27520K, reserved 1073152K
  class space    used 3438K, capacity 3672K, committed 3712K, reserved 1048576K
}
Event: 5.292 GC heap before
{Heap before GC invocations=7 (full 0):
 garbage-first heap   total 152576K, used 80669K [0x0000000080000000, 0x0000000100000000)
  region size 1024K, 64 young (65536K), 4 survivors (4096K)
 Metaspace       used 35191K, capacity 35977K, committed 36048K, reserved 1081344K
  class space    used 4524K, capacity 4840K, committed 4864K, reserved 1048576K
}
Event: 5.303 GC heap after
{Heap after GC invocations=8 (full 0):
 garbage-first heap   total 152576K, used 23453K [0x0000000080000000, 0x0000000100000000)
  region size 1024K, 7 young (7168K), 7 survivors (7168K)
 Metaspace       used 35191K, capacity 35977K, committed 36048K, reserved 1081344K
  class space    used 4524K, capacity 4840K, committed 4864K, reserved 1048576K
}
Event: 6.546 GC heap before
{Heap before GC invocations=9 (full 0):
 garbage-first heap   total 152576K, used 109469K [0x0000000080000000, 0x0000000100000000)
  region size 1024K, 89 young (91136K), 7 survivors (7168K)
 Metaspace       used 41917K, capacity 42915K, committed 43164K, reserved 1087488K
  class space    used 5340K, capacity 5730K, committed 5836K, reserved 1048576K
}
Event: 6.564 GC heap after
{Heap after GC invocations=10 (full 0):
 garbage-first heap   total 152576K, used 29484K [0x0000000080000000, 0x0000000100000000)
  region size 1024K, 12 young (12288K), 12 survivors (12288K)
 Metaspace       used 41917K, capacity 42915K, committed 43164K, reserved 1087488K
  class space    used 5340K, capacity 5730K, committed 5836K, reserved 1048576K
}
Event: 7.761 GC heap before
{Heap before GC invocations=10 (full 0):
 garbage-first heap   total 152576K, used 108332K [0x0000000080000000, 0x0000000100000000)
  region size 1024K, 89 young (91136K), 12 survivors (12288K)
 Metaspace       used 48065K, capacity 49279K, committed 49564K, reserved 1091584K
  class space    used 6101K, capacity 6531K, committed 6604K, reserved 1048576K
}
Event: 7.787 GC heap after
{Heap after GC invocations=11 (full 0):
 garbage-first heap   total 183296K, used 32220K [0x0000000080000000, 0x0000000100000000)
  region size 1024K, 9 young (9216K), 9 survivors (9216K)
 Metaspace       used 48065K, capacity 49279K, committed 49564K, reserved 1091584K
  class space    used 6101K, capacity 6531K, committed 6604K, reserved 1048576K
}
Event: 9.330 GC heap before
{Heap before GC invocations=11 (full 0):
 garbage-first heap   total 183296K, used 136668K [0x0000000080000000, 0x0000000100000000)
  region size 1024K, 107 young (109568K), 9 survivors (9216K)
 Metaspace       used 58393K, capacity 59853K, committed 60188K, reserved 1101824K
  class space    used 7366K, capacity 7928K, committed 8012K, reserved 1048576K
}
Event: 9.357 GC heap after
{Heap after GC invocations=12 (full 0):
 garbage-first heap   total 183296K, used 46094K [0x0000000080000000, 0x0000000100000000)
  region size 1024K, 13 young (13312K), 13 survivors (13312K)
 Metaspace       used 58393K, capacity 59853K, committed 60188K, reserved 1101824K
  class space    used 7366K, capacity 7928K, committed 8012K, reserved 1048576K
}
Event: 9.446 GC heap before
{Heap before GC invocations=12 (full 0):
 garbage-first heap   total 183296K, used 52238K [0x0000000080000000, 0x0000000100000000)
  region size 1024K, 20 young (20480K), 13 survivors (13312K)
 Metaspace       used 58962K, capacity 60399K, committed 60572K, reserved 1101824K
  class space    used 7453K, capacity 8004K, committed 8140K, reserved 1048576K
}
Event: 9.463 GC heap after
{Heap after GC invocations=13 (full 0):
 garbage-first heap   total 183296K, used 47587K [0x0000000080000000, 0x0000000100000000)
  region size 1024K, 2 young (2048K), 2 survivors (2048K)
 Metaspace       used 58962K, capacity 60399K, committed 60572K, reserved 1101824K
  class space    used 7453K, capacity 8004K, committed 8140K, reserved 1048576K
}
Event: 10.961 GC heap before
{Heap before GC invocations=14 (full 0):
 garbage-first heap   total 183296K, used 133603K [0x0000000080000000, 0x0000000100000000)
  region size 1024K, 79 young (80896K), 2 survivors (2048K)
 Metaspace       used 64993K, capacity 66531K, committed 66716K, reserved 1107968K
  class space    used 8205K, capacity 8795K, committed 8908K, reserved 1048576K
}
Event: 10.973 GC heap after
{Heap after GC invocations=15 (full 0):
 garbage-first heap   total 183296K, used 52870K [0x0000000080000000, 0x0000000100000000)
  region size 1024K, 7 young (7168K), 7 survivors (7168K)
 Metaspace       used 64993K, capacity 66531K, committed 66716K, reserved 1107968K
  class space    used 8205K, capacity 8795K, committed 8908K, reserved 1048576K
}
Event: 11.972 GC heap before
{Heap before GC invocations=15 (full 0):
 garbage-first heap   total 183296K, used 131718K [0x0000000080000000, 0x0000000100000000)
  region size 1024K, 84 young (86016K), 7 survivors (7168K)
 Metaspace       used 69902K, capacity 71523K, committed 71580K, reserved 1112064K
  class space    used 9026K, capacity 9643K, committed 9676K, reserved 1048576K
}
Event: 11.989 GC heap after
{Heap after GC invocations=16 (full 0):
 garbage-first heap   total 183296K, used 58567K [0x0000000080000000, 0x0000000100000000)
  region size 1024K, 6 young (6144K), 6 survivors (6144K)
 Metaspace       used 69902K, capacity 71523K, committed 71580K, reserved 1112064K
  class space    used 9026K, capacity 9643K, committed 9676K, reserved 1048576K
}
Event: 13.237 GC heap before
{Heap before GC invocations=16 (full 0):
 garbage-first heap   total 183296K, used 135367K [0x0000000080000000, 0x0000000100000000)
  region size 1024K, 81 young (82944K), 6 survivors (6144K)
 Metaspace       used 77847K, capacity 79644K, committed 80028K, reserved 1118208K
  class space    used 10129K, capacity 10821K, committed 10956K, reserved 1048576K
}

